
> ferreteria-frontend@0.0.0 build
> ng build

[33m❯[39m Building...
[32m✔[39m Building...
[1mInitial chunk files[22m[2m | [22m[1mNames[22m        [2m | [22m [1mRaw size[22m[2m | [22m[1mEstimated transfer size[22m
[32mmain-MT4SUJM5.js[39m   [2m | [22m[2mmain[22m         [2m | [22m[36m300.72 kB[39m[2m | [22m               [36m77.36 kB[39m
[32mstyles-7LN3APVV.css[39m[2m | [22m[2mstyles[22m       [2m | [22m  [36m1.39 kB[39m[2m | [22m              [36m432 bytes[39m

[1m [22m                  [2m | [22m[1mInitial total[22m[2m | [22m[1m302.11 kB[22m[2m | [22m               [1m77.80 kB[22m

Application bundle generation complete. [4.242 seconds] - 2026-02-20T17:25:00.412Z

[1m[33m[33m▲ [43;33m[[43;30mWARNING[43;33m][0m [1mNG8103: The `*ngIf` directive was used in the template, but neither the `NgIf` directive nor the `CommonModule` was imported. Use Angular's built-in control flow @if or make sure that either the `NgIf` directive or the `CommonModule` is included in the `@Component.imports` array of this component.[0m [1m[35m[plugin angular-compiler][0m

    src/app/components/layout/sidebar/sidebar.html:1:32:
[37m      1 │ <nav class="sidebar-container" *[32mngIf[37m="currentUser()">
        ╵                                 [32m~~~~[0m

  Warning occurs in the template of component Sidebar.

    src/app/components/layout/sidebar/sidebar.ts:9:15:
[37m      9 │   templateUrl: [32m'./sidebar.html'[37m,
        ╵                [32m~~~~~~~~~~~~~~~~[0m


[33m▲ [43;33m[[43;30mWARNING[43;33m][0m [1msrc/app/pages/dashboard/dashboard.css exceeded maximum budget. Budget 4.00 kB was not met by 378 bytes with a total of 4.38 kB.[0m

[39m[22m
Output location: D:\Escritorio\ejemplo\ferreteria-frontend\dist\ferreteria-frontend

